Starting at Tue Jun 20 18:18:56 CEST 2023
Running on hosts: cpu096
Running on 1 nodes.
Running on 1 processors.
Current working directory is /home/users/s/sahasay2/simulations/run11_/runs

***** LAUNCHING *****
2023-06-20 18:18:57

/home/users/s/sahasay2/.conda/envs/clusterlens/bin/python
/home/users/s/sahasay2/simulations/run11_/runs
The input number is: 19

***** DONE *****
2023-06-20 21:36:05


***** DONE *****
2023-06-20 21:38:00


***** DONE *****
2023-06-20 21:38:14


***** DONE *****
2023-06-20 21:38:25


***** DONE *****
2023-06-20 21:38:59


***** DONE *****
2023-06-20 21:39:00


***** DONE *****
2023-06-20 21:39:28


***** DONE *****
2023-06-20 21:39:34


***** DONE *****
2023-06-20 21:40:02


***** DONE *****
2023-06-20 21:40:27


***** DONE *****
2023-06-20 21:40:29


***** DONE *****
2023-06-20 21:40:43


***** DONE *****
2023-06-20 21:40:53


***** DONE *****
2023-06-20 21:41:11


***** DONE *****
2023-06-20 21:41:30


***** DONE *****
2023-06-20 21:41:32


***** DONE *****
2023-06-20 21:41:43


***** DONE *****
2023-06-20 21:41:44


***** DONE *****
2023-06-20 21:41:55


***** DONE *****
2023-06-20 21:42:21

